<?xml version="1.0" encoding="UTF-8"?>
<!-- Generated by org.testng.reporters.JUnitReportReporter -->
<testsuite hostname="Acer" failures="0" tests="1" name="tests.DummySiteTests" time="2.629" errors="0" timestamp="2025-07-06T23:23:44 IST" skipped="0">
  <testcase classname="tests.DummySiteTests" name="testGoogle" time="2.629"/>
</testsuite> <!-- tests.DummySiteTests -->
